<?xml version="1.0" encoding="UTF-8"?>
<!-- Generated by org.testng.reporters.JUnitReportReporter -->
<testsuite hostname="Aniket" failures="0" tests="1" name="com.web.demo.Assignment3Selenium.SeleniumTest" time="17.143" errors="0" timestamp="7 Sep 2023 09:38:38 GMT">
  <testcase classname="com.web.demo.Assignment3Selenium.SeleniumTest" name="testLogoPresent" time="17.143"/>
</testsuite> <!-- com.web.demo.Assignment3Selenium.SeleniumTest -->
