<?xml version="1.0" encoding="UTF-8"?>
<!-- Generated by org.testng.reporters.JUnitReportReporter -->
<testsuite hostname="Aniket" failures="0" tests="1" name="com.web.demo.Assignment_4.Assignment5A" time="22.590" errors="0" timestamp="13 Sep 2023 06:19:15 GMT">
  <testcase classname="com.web.demo.Assignment_4.Assignment5A" name="isLogoPresent" time="22.590"/>
</testsuite> <!-- com.web.demo.Assignment_4.Assignment5A -->
